<?xml version="1.0" encoding="UTF-8"?>
<!-- Generated by org.testng.reporters.JUnitXMLReporter -->
<testsuite ignored="1" hostname="DESKTOP-169Q8T6" failures="0" tests="1" name="Default test" time="55.964" errors="0" timestamp="2025-01-06T18:55:20 IST">
  <testcase classname="teamLeader.notificationTestNG" name="notificationFlow" time="31.578"/>
  <testcase classname="teamLeader.notificationTestNG" name="findCandidate" time="0.0">
    <ignored/>
  </testcase> <!-- findCandidate -->
</testsuite> <!-- Default test -->
