<?xml version="1.0" encoding="UTF-8"?>
<!-- Generated by org.testng.reporters.JUnitXMLReporter -->
<testsuite ignored="1" hostname="DESKTOP-169Q8T6" failures="0" tests="1" name="Attendance Test" time="117.752" errors="0" timestamp="2025-04-02T12:02:32 IST">
  <testcase classname="recruiter.ProfileTestNG" name="yourAttendance" time="80.352"/>
  <testcase classname="recruiter.ProfileTestNG" name="TeamPerformance" time="0.0">
    <ignored/>
  </testcase> <!-- TeamPerformance -->
</testsuite> <!-- Attendance Test -->
