<?xml version="1.0" encoding="UTF-8"?>
<!-- Generated by org.testng.reporters.JUnitXMLReporter -->
<testsuite ignored="1" hostname="DESKTOP-169Q8T6" failures="0" tests="1" name="Team Performance Test" time="158.905" errors="0" timestamp="2025-04-02T12:03:11 IST">
  <testcase classname="recruiter.ProfileTestNG" name="TeamPerformance" time="122.246"/>
  <testcase classname="recruiter.ProfileTestNG" name="yourAttendance" time="0.0">
    <ignored/>
  </testcase> <!-- yourAttendance -->
</testsuite> <!-- Team Performance Test -->
