<?xml version="1.0" encoding="UTF-8"?>
<!-- Generated by org.testng.reporters.JUnitXMLReporter -->
<testsuite ignored="0" hostname="DESKTOP-169Q8T6" failures="0" tests="2" name="Test" time="1.488" errors="0" timestamp="2024-11-21T11:47:54 IST">
  <testcase classname="CommonUtil.baseClass" name="@BeforeClass BC" time="-1.732169872044E9">
    <failure type="org.testng.TestNGException" message="
Parameter &amp;apos;multiuser&amp;apos; is required by BeforeClass on method BC but has not been marked @Optional or defined
in C:\Users\hp\git\Recruiter\Recruiter_Gears\testng1.xml">
      <![CDATA[org.testng.TestNGException: 
Parameter 'multiuser' is required by BeforeClass on method BC but has not been marked @Optional or defined
in C:\Users\hp\git\Recruiter\Recruiter_Gears\testng1.xml
at java.base/java.util.concurrent.ThreadPoolExecutor.runWorker(ThreadPoolExecutor.java:1144)
at java.base/java.util.concurrent.ThreadPoolExecutor$Worker.run(ThreadPoolExecutor.java:642)
at java.base/java.lang.Thread.run(Thread.java:1623)
... Removed 7 stack frames]]>
    </failure>
  </testcase> <!-- @BeforeClass BC -->
  <testcase classname="CommonUtil.baseClass" name="@BeforeMethod BM" time="-1.732169872173E9">
    <skipped/>
  </testcase> <!-- @BeforeMethod BM -->
  <testcase classname="CommonUtil.baseClass" name="@BeforeMethod BM" time="-1.7321698722E9">
    <skipped/>
  </testcase> <!-- @BeforeMethod BM -->
  <testcase classname="CommonUtil.baseClass" name="@AfterMethod AM" time="-1.732169872309E9">
    <skipped/>
  </testcase> <!-- @AfterMethod AM -->
  <testcase classname="CommonUtil.baseClass" name="@AfterMethod AM" time="-1.732169872335E9">
    <skipped/>
  </testcase> <!-- @AfterMethod AM -->
  <testcase classname="CommonUtil.baseClass" name="@AfterClass AC" time="-1.73216987235E9">
    <skipped/>
  </testcase> <!-- @AfterClass AC -->
  <testcase classname="recruiter.FC_CallingTrackerTestNG" name="FindCandidate1" time="0.0">
    <skipped/>
  </testcase> <!-- FindCandidate1 -->
  <testcase classname="recruiter.FC_CallingTrackerTestNG" name="findCandidate" time="0.0">
    <skipped/>
  </testcase> <!-- findCandidate -->
</testsuite> <!-- Test -->
