<?xml version="1.0" encoding="UTF-8"?>
<testng-results ignored="0" total="2" passed="2" failed="0" skipped="0">
  <reporter-output>
    <line>
      <![CDATA[ execution is started]]>
    </line>
    <line>
      <![CDATA[addCandidateVDTestScript Execution is Started :]]>
    </line>
    <line>
      <![CDATA[addCandidateIVDTestScript Execution is Started :]]>
    </line>
  </reporter-output>
  <suite started-at="2024-10-21T18:48:57 IST" name="Default suite" finished-at="2024-10-21T18:50:50 IST" duration-ms="113403">
    <groups>
    </groups>
    <test started-at="2024-10-21T18:48:57 IST" name="Default test" finished-at="2024-10-21T18:50:50 IST" duration-ms="113403">
      <class name="recruiter.AddCandidateTestNG">
        <test-method is-config="true" signature="BS()[pri:0, instance:recruiter.AddCandidateTestNG@46d59067]" started-at="2024-10-21T18:48:57 IST" name="BS" finished-at="2024-10-21T18:48:57 IST" duration-ms="40" status="PASS">
          <reporter-output>
          </reporter-output>
        </test-method> <!-- BS -->
        <test-method is-config="true" signature="BC()[pri:0, instance:recruiter.AddCandidateTestNG@46d59067]" started-at="2024-10-21T18:48:58 IST" name="BC" finished-at="2024-10-21T18:49:13 IST" duration-ms="15450" status="PASS">
          <reporter-output>
          </reporter-output>
        </test-method> <!-- BC -->
        <test-method is-config="true" signature="BM()[pri:0, instance:recruiter.AddCandidateTestNG@46d59067]" started-at="2024-10-21T18:49:13 IST" name="BM" finished-at="2024-10-21T18:49:13 IST" duration-ms="2" status="PASS">
          <reporter-output>
          </reporter-output>
        </test-method> <!-- BM -->
        <test-method signature="addCandidateVD()[pri:0, instance:recruiter.AddCandidateTestNG@46d59067]" started-at="2024-10-21T18:49:13 IST" name="addCandidateVD" finished-at="2024-10-21T18:49:52 IST" duration-ms="39234" status="PASS">
          <reporter-output>
            <line>
              <![CDATA[addCandidateVDTestScript Execution is Started :]]>
            </line>
          </reporter-output>
        </test-method> <!-- addCandidateVD -->
        <test-method is-config="true" signature="AM()[pri:0, instance:recruiter.AddCandidateTestNG@46d59067]" started-at="2024-10-21T18:49:52 IST" name="AM" finished-at="2024-10-21T18:49:52 IST" duration-ms="1" status="PASS">
          <reporter-output>
          </reporter-output>
        </test-method> <!-- AM -->
        <test-method is-config="true" signature="BM()[pri:0, instance:recruiter.AddCandidateTestNG@46d59067]" started-at="2024-10-21T18:49:52 IST" name="BM" finished-at="2024-10-21T18:49:52 IST" duration-ms="0" status="PASS">
          <reporter-output>
          </reporter-output>
        </test-method> <!-- BM -->
        <test-method signature="addCandidateIVD()[pri:1, instance:recruiter.AddCandidateTestNG@46d59067]" started-at="2024-10-21T18:49:52 IST" name="addCandidateIVD" finished-at="2024-10-21T18:50:50 IST" duration-ms="57641" status="PASS">
          <reporter-output>
            <line>
              <![CDATA[addCandidateIVDTestScript Execution is Started :]]>
            </line>
          </reporter-output>
        </test-method> <!-- addCandidateIVD -->
        <test-method is-config="true" signature="AM()[pri:0, instance:recruiter.AddCandidateTestNG@46d59067]" started-at="2024-10-21T18:50:50 IST" name="AM" finished-at="2024-10-21T18:50:50 IST" duration-ms="1" status="PASS">
          <reporter-output>
          </reporter-output>
        </test-method> <!-- AM -->
        <test-method is-config="true" signature="AC()[pri:0, instance:recruiter.AddCandidateTestNG@46d59067]" started-at="2024-10-21T18:50:50 IST" name="AC" finished-at="2024-10-21T18:50:50 IST" duration-ms="1" status="PASS">
          <reporter-output>
          </reporter-output>
        </test-method> <!-- AC -->
        <test-method is-config="true" signature="AS()[pri:0, instance:recruiter.AddCandidateTestNG@46d59067]" started-at="2024-10-21T18:50:53 IST" name="AS" finished-at="2024-10-21T18:50:53 IST" duration-ms="0" status="PASS">
          <reporter-output>
          </reporter-output>
        </test-method> <!-- AS -->
      </class> <!-- recruiter.AddCandidateTestNG -->
    </test> <!-- Default test -->
  </suite> <!-- Default suite -->
</testng-results>
